  Maze.cpp
D:\CG\P2\MazeVisibility-CG-P2\MazeVisibility-CG-P2\src\Maze.cpp(44,2): warning C4996: 'strcpy': This function or variable may be unsafe. Consider using strcpy_s instead. To disable deprecation, use _CRT_SECURE_NO_WARNINGS. See online help for details.
D:\CG\P2\MazeVisibility-CG-P2\MazeVisibility-CG-P2\src\Maze.cpp(121,31): warning C4312: '類型轉換': 將 'int' 轉換為較大的 'Cell *'
D:\CG\P2\MazeVisibility-CG-P2\MazeVisibility-CG-P2\src\Maze.cpp(122,31): warning C4312: '類型轉換': 將 'int' 轉換為較大的 'Cell *'
D:\CG\P2\MazeVisibility-CG-P2\MazeVisibility-CG-P2\src\Maze.cpp(144,54): warning C4312: '類型轉換': 將 'int' 轉換為較大的 'Cell *'
D:\CG\P2\MazeVisibility-CG-P2\MazeVisibility-CG-P2\src\Maze.cpp(146,59): warning C4312: '類型轉換': 將 'int' 轉換為較大的 'Cell *'
D:\CG\P2\MazeVisibility-CG-P2\MazeVisibility-CG-P2\src\Maze.cpp(157,54): warning C4312: '類型轉換': 將 'int' 轉換為較大的 'Cell *'
D:\CG\P2\MazeVisibility-CG-P2\MazeVisibility-CG-P2\src\Maze.cpp(159,59): warning C4312: '類型轉換': 將 'int' 轉換為較大的 'Cell *'
D:\CG\P2\MazeVisibility-CG-P2\MazeVisibility-CG-P2\src\Maze.cpp(169,54): warning C4312: '類型轉換': 將 'int' 轉換為較大的 'Cell *'
D:\CG\P2\MazeVisibility-CG-P2\MazeVisibility-CG-P2\src\Maze.cpp(171,59): warning C4312: '類型轉換': 將 'int' 轉換為較大的 'Cell *'
D:\CG\P2\MazeVisibility-CG-P2\MazeVisibility-CG-P2\src\Maze.cpp(181,54): warning C4312: '類型轉換': 將 'int' 轉換為較大的 'Cell *'
D:\CG\P2\MazeVisibility-CG-P2\MazeVisibility-CG-P2\src\Maze.cpp(183,59): warning C4312: '類型轉換': 將 'int' 轉換為較大的 'Cell *'
D:\CG\P2\MazeVisibility-CG-P2\MazeVisibility-CG-P2\src\Maze.cpp(88,15): warning C4996: 'fopen': This function or variable may be unsafe. Consider using fopen_s instead. To disable deprecation, use _CRT_SECURE_NO_WARNINGS. See online help for details.
D:\CG\P2\MazeVisibility-CG-P2\MazeVisibility-CG-P2\src\Maze.cpp(92,7): warning C4996: 'fscanf': This function or variable may be unsafe. Consider using fscanf_s instead. To disable deprecation, use _CRT_SECURE_NO_WARNINGS. See online help for details.
D:\CG\P2\MazeVisibility-CG-P2\MazeVisibility-CG-P2\src\Maze.cpp(99,8): warning C4996: 'fscanf': This function or variable may be unsafe. Consider using fscanf_s instead. To disable deprecation, use _CRT_SECURE_NO_WARNINGS. See online help for details.
D:\CG\P2\MazeVisibility-CG-P2\MazeVisibility-CG-P2\src\Maze.cpp(100,4): warning C4996: 'sprintf': This function or variable may be unsafe. Consider using sprintf_s instead. To disable deprecation, use _CRT_SECURE_NO_WARNINGS. See online help for details.
D:\CG\P2\MazeVisibility-CG-P2\MazeVisibility-CG-P2\src\Maze.cpp(107,7): warning C4996: 'fscanf': This function or variable may be unsafe. Consider using fscanf_s instead. To disable deprecation, use _CRT_SECURE_NO_WARNINGS. See online help for details.
D:\CG\P2\MazeVisibility-CG-P2\MazeVisibility-CG-P2\src\Maze.cpp(115,8): warning C4996: 'fscanf': This function or variable may be unsafe. Consider using fscanf_s instead. To disable deprecation, use _CRT_SECURE_NO_WARNINGS. See online help for details.
D:\CG\P2\MazeVisibility-CG-P2\MazeVisibility-CG-P2\src\Maze.cpp(117,4): warning C4996: 'sprintf': This function or variable may be unsafe. Consider using sprintf_s instead. To disable deprecation, use _CRT_SECURE_NO_WARNINGS. See online help for details.
D:\CG\P2\MazeVisibility-CG-P2\MazeVisibility-CG-P2\src\Maze.cpp(127,7): warning C4996: 'fscanf': This function or variable may be unsafe. Consider using fscanf_s instead. To disable deprecation, use _CRT_SECURE_NO_WARNINGS. See online help for details.
D:\CG\P2\MazeVisibility-CG-P2\MazeVisibility-CG-P2\src\Maze.cpp(135,8): warning C4996: 'fscanf': This function or variable may be unsafe. Consider using fscanf_s instead. To disable deprecation, use _CRT_SECURE_NO_WARNINGS. See online help for details.
D:\CG\P2\MazeVisibility-CG-P2\MazeVisibility-CG-P2\src\Maze.cpp(136,4): warning C4996: 'sprintf': This function or variable may be unsafe. Consider using sprintf_s instead. To disable deprecation, use _CRT_SECURE_NO_WARNINGS. See online help for details.
D:\CG\P2\MazeVisibility-CG-P2\MazeVisibility-CG-P2\src\Maze.cpp(149,5): warning C4996: 'sprintf': This function or variable may be unsafe. Consider using sprintf_s instead. To disable deprecation, use _CRT_SECURE_NO_WARNINGS. See online help for details.
D:\CG\P2\MazeVisibility-CG-P2\MazeVisibility-CG-P2\src\Maze.cpp(162,5): warning C4996: 'sprintf': This function or variable may be unsafe. Consider using sprintf_s instead. To disable deprecation, use _CRT_SECURE_NO_WARNINGS. See online help for details.
D:\CG\P2\MazeVisibility-CG-P2\MazeVisibility-CG-P2\src\Maze.cpp(174,5): warning C4996: 'sprintf': This function or variable may be unsafe. Consider using sprintf_s instead. To disable deprecation, use _CRT_SECURE_NO_WARNINGS. See online help for details.
D:\CG\P2\MazeVisibility-CG-P2\MazeVisibility-CG-P2\src\Maze.cpp(186,5): warning C4996: 'sprintf': This function or variable may be unsafe. Consider using sprintf_s instead. To disable deprecation, use _CRT_SECURE_NO_WARNINGS. See online help for details.
D:\CG\P2\MazeVisibility-CG-P2\MazeVisibility-CG-P2\src\Maze.cpp(194,7): warning C4996: 'fscanf': This function or variable may be unsafe. Consider using fscanf_s instead. To disable deprecation, use _CRT_SECURE_NO_WARNINGS. See online help for details.
D:\CG\P2\MazeVisibility-CG-P2\MazeVisibility-CG-P2\src\Maze.cpp(379,12): warning C4244: '引數': 將 'time_t' 轉換為 'unsigned int'，由於類型不同，可能導致資料遺失
D:\CG\P2\MazeVisibility-CG-P2\MazeVisibility-CG-P2\src\Maze.cpp(818,15): warning C4996: 'fopen': This function or variable may be unsafe. Consider using fopen_s instead. To disable deprecation, use _CRT_SECURE_NO_WARNINGS. See online help for details.
  MazeWindow.cpp
D:\CG\P2\MazeVisibility-CG-P2\MazeVisibility-CG-P2\src\MazeWindow.cpp(66,15): warning C4244: '正在初始化': 將 'double' 轉換為 'float'，由於類型不同，可能導致資料遺失
D:\CG\P2\MazeVisibility-CG-P2\MazeVisibility-CG-P2\src\MazeWindow.cpp(93,43): warning C4244: '引數': 將 'double' 轉換為 'float'，由於類型不同，可能導致資料遺失
D:\CG\P2\MazeVisibility-CG-P2\MazeVisibility-CG-P2\src\MazeWindow.cpp(91,17): warning C4101: 'temp2': 未參考的區域變數
D:\CG\P2\MazeVisibility-CG-P2\MazeVisibility-CG-P2\src\MazeWindow.cpp(91,24): warning C4101: 'temp3': 未參考的區域變數
D:\CG\P2\MazeVisibility-CG-P2\MazeVisibility-CG-P2\src\MazeWindow.cpp(91,31): warning C4101: 'temp4': 未參考的區域變數
D:\CG\P2\MazeVisibility-CG-P2\MazeVisibility-CG-P2\src\MazeWindow.cpp(91,11): warning C4101: 'temp': 未參考的區域變數
D:\CG\P2\MazeVisibility-CG-P2\MazeVisibility-CG-P2\src\MazeWindow.cpp(106,13): warning C4244: '=': 將 'double' 轉換為 'float'，由於類型不同，可能導致資料遺失
D:\CG\P2\MazeVisibility-CG-P2\MazeVisibility-CG-P2\src\MazeWindow.cpp(137,21): warning C4101: 'resultMatrix': 未參考的區域變數
D:\CG\P2\MazeVisibility-CG-P2\MazeVisibility-CG-P2\src\MazeWindow.cpp(206,12): warning C4244: '=': 將 'int' 轉換為 'float'，由於類型不同，可能導致資料遺失
D:\CG\P2\MazeVisibility-CG-P2\MazeVisibility-CG-P2\src\MazeWindow.cpp(274,60): warning C4305: '引數': 從 'double' 轉換為 'float'，是由較大的類型轉換為較小的類型，可能導致資料遺失
D:\CG\P2\MazeVisibility-CG-P2\MazeVisibility-CG-P2\src\MazeWindow.cpp(278,43): warning C4838: 從 'double' 到 'float' 的轉換必須是縮小轉換
D:\CG\P2\MazeVisibility-CG-P2\MazeVisibility-CG-P2\src\MazeWindow.cpp(278,43): warning C4244: '正在初始化': 將 'double' 轉換為 'float'，由於類型不同，可能導致資料遺失
D:\CG\P2\MazeVisibility-CG-P2\MazeVisibility-CG-P2\src\MazeWindow.cpp(280,28): warning C4838: 從 'double' 到 'float' 的轉換必須是縮小轉換
D:\CG\P2\MazeVisibility-CG-P2\MazeVisibility-CG-P2\src\MazeWindow.cpp(280,28): warning C4244: '正在初始化': 將 'double' 轉換為 'float'，由於類型不同，可能導致資料遺失
  RunMaze.cpp
  正在產生程式碼...
  MazeVisibility.vcxproj -> D:\CG\P2\MazeVisibility-CG-P2\MazeVisibility-CG-P2\build\Debug\MazeVisibility.exe
